# JRE version: OpenJDK Runtime Environment (8.0_76-b03) (build 1.8.0_76-release-b03)
# Java VM: OpenJDK 64-Bit Server VM (25.76-b03 mixed mode windows-amd64 compressed oops)
Heap:
 PSYoungGen      total 419840K, used 12365K [0x00000000e0000000, 0x0000000100000000, 0x0000000100000000)
  eden space 325120K, 3% used [0x00000000e0000000,0x00000000e0c136d0,0x00000000f3d80000)
  from space 94720K, 0% used [0x00000000f3d80000,0x00000000f3d80000,0x00000000f9a00000)
  to   space 95232K, 0% used [0x00000000fa300000,0x00000000fa300000,0x0000000100000000)
 ParOldGen       total 642560K, used 91443K [0x00000000a0000000, 0x00000000c7380000, 0x00000000e0000000)
  object space 642560K, 14% used [0x00000000a0000000,0x00000000a594cca8,0x00000000c7380000)
 Metaspace       used 95121K, capacity 104082K, committed 108800K, reserved 1144832K
  class space    used 11472K, capacity 12328K, committed 13824K, reserved 1048576K
GC Heap History (10 events):
Event: 16736.940 GC heap before
{Heap before GC invocations=375 (full 47):
 PSYoungGen      total 324608K, used 323187K [0x00000000e0000000, 0x0000000100000000, 0x0000000100000000)
  eden space 324096K, 99% used [0x00000000e0000000,0x00000000f3b9cfa0,0x00000000f3c80000)
  from space 512K, 0% used [0x00000000f3c80000,0x00000000f3c80000,0x00000000f3d00000)
  to   space 100864K, 0% used [0x00000000f9d80000,0x00000000f9d80000,0x0000000100000000)
 ParOldGen       total 642560K, used 90842K [0x00000000a0000000, 0x00000000c7380000, 0x00000000e0000000)
  object space 642560K, 14% used [0x00000000a0000000,0x00000000a58b6958,0x00000000c7380000)
 Metaspace       used 94850K, capacity 103758K, committed 108800K, reserved 1144832K
  class space    used 11432K, capacity 12285K, committed 13824K, reserved 1048576K
Event: 16736.976 GC heap after
Heap after GC invocations=375 (full 47):
 PSYoungGen      total 428032K, used 28517K [0x00000000e0000000, 0x0000000100000000, 0x0000000100000000)
  eden space 327168K, 0% used [0x00000000e0000000,0x00000000e0000000,0x00000000f3f80000)
  from space 100864K, 28% used [0x00000000f9d80000,0x00000000fb959440,0x0000000100000000)
  to   space 96256K, 0% used [0x00000000f3f80000,0x00000000f3f80000,0x00000000f9d80000)
 ParOldGen       total 642560K, used 90850K [0x00000000a0000000, 0x00000000c7380000, 0x00000000e0000000)
  object space 642560K, 14% used [0x00000000a0000000,0x00000000a58b8958,0x00000000c7380000)
 Metaspace       used 94850K, capacity 103758K, committed 108800K, reserved 1144832K
  class space    used 11432K, capacity 12285K, committed 13824K, reserved 1048576K
}
Event: 16740.416 GC heap before
{Heap before GC invocations=376 (full 47):
 PSYoungGen      total 428032K, used 355685K [0x00000000e0000000, 0x0000000100000000, 0x0000000100000000)
  eden space 327168K, 100% used [0x00000000e0000000,0x00000000f3f80000,0x00000000f3f80000)
  from space 100864K, 28% used [0x00000000f9d80000,0x00000000fb959440,0x0000000100000000)
  to   space 96256K, 0% used [0x00000000f3f80000,0x00000000f3f80000,0x00000000f9d80000)
 ParOldGen       total 642560K, used 90850K [0x00000000a0000000, 0x00000000c7380000, 0x00000000e0000000)
  object space 642560K, 14% used [0x00000000a0000000,0x00000000a58b8958,0x00000000c7380000)
 Metaspace       used 95112K, capacity 104070K, committed 108800K, reserved 1144832K
  class space    used 11470K, capacity 12325K, committed 13824K, reserved 1048576K
Event: 16740.436 GC heap after
Heap after GC invocations=376 (full 47):
 PSYoungGen      total 348672K, used 20999K [0x00000000e0000000, 0x00000000ff480000, 0x0000000100000000)
  eden space 327168K, 0% used [0x00000000e0000000,0x00000000e0000000,0x00000000f3f80000)
  from space 21504K, 97% used [0x00000000f3f80000,0x00000000f5401f40,0x00000000f5480000)
  to   space 92672K, 0% used [0x00000000f9a00000,0x00000000f9a00000,0x00000000ff480000)
 ParOldGen       total 642560K, used 90850K [0x00000000a0000000, 0x00000000c7380000, 0x00000000e0000000)
  object space 642560K, 14% used [0x00000000a0000000,0x00000000a58b8958,0x00000000c7380000)
 Metaspace       used 95112K, capacity 104070K, committed 108800K, reserved 1144832K
  class space    used 11470K, capacity 12325K, committed 13824K, reserved 1048576K
}
Event: 16740.888 GC heap before
{Heap before GC invocations=377 (full 47):
 PSYoungGen      total 348672K, used 348167K [0x00000000e0000000, 0x00000000ff480000, 0x0000000100000000)
  eden space 327168K, 100% used [0x00000000e0000000,0x00000000f3f80000,0x00000000f3f80000)
  from space 21504K, 97% used [0x00000000f3f80000,0x00000000f5401f40,0x00000000f5480000)
  to   space 92672K, 0% used [0x00000000f9a00000,0x00000000f9a00000,0x00000000ff480000)
 ParOldGen       total 642560K, used 90850K [0x00000000a0000000, 0x00000000c7380000, 0x00000000e0000000)
  object space 642560K, 14% used [0x00000000a0000000,0x00000000a58b8958,0x00000000c7380000)
 Metaspace       used 95112K, capacity 104070K, committed 108800K, reserved 1144832K
  class space    used 11470K, capacity 12325K, committed 13824K, reserved 1048576K
Event: 16740.933 GC heap after
Heap after GC invocations=377 (full 47):
 PSYoungGen      total 417792K, used 56231K [0x00000000e0000000, 0x0000000100000000, 0x0000000100000000)
  eden space 325120K, 0% used [0x00000000e0000000,0x00000000e0000000,0x00000000f3d80000)
  from space 92672K, 60% used [0x00000000f9a00000,0x00000000fd0e9c68,0x00000000ff480000)
  to   space 94720K, 0% used [0x00000000f3d80000,0x00000000f3d80000,0x00000000f9a00000)
 ParOldGen       total 642560K, used 90850K [0x00000000a0000000, 0x00000000c7380000, 0x00000000e0000000)
  object space 642560K, 14% used [0x00000000a0000000,0x00000000a58b8958,0x00000000c7380000)
 Metaspace       used 95112K, capacity 104070K, committed 108800K, reserved 1144832K
  class space    used 11470K, capacity 12325K, committed 13824K, reserved 1048576K
}
Event: 16741.128 GC heap before
{Heap before GC invocations=378 (full 47):
 PSYoungGen      total 417792K, used 90329K [0x00000000e0000000, 0x0000000100000000, 0x0000000100000000)
  eden space 325120K, 10% used [0x00000000e0000000,0x00000000e214c8b0,0x00000000f3d80000)
  from space 92672K, 60% used [0x00000000f9a00000,0x00000000fd0e9c68,0x00000000ff480000)
  to   space 94720K, 0% used [0x00000000f3d80000,0x00000000f3d80000,0x00000000f9a00000)
 ParOldGen       total 642560K, used 90850K [0x00000000a0000000, 0x00000000c7380000, 0x00000000e0000000)
  object space 642560K, 14% used [0x00000000a0000000,0x00000000a58b8958,0x00000000c7380000)
 Metaspace       used 95116K, capacity 104076K, committed 108800K, reserved 1144832K
  class space    used 11471K, capacity 12326K, committed 13824K, reserved 1048576K
Event: 16741.132 GC heap after
Heap after GC invocations=378 (full 47):
 PSYoungGen      total 419840K, used 1552K [0x00000000e0000000, 0x0000000100000000, 0x0000000100000000)
  eden space 325120K, 0% used [0x00000000e0000000,0x00000000e0000000,0x00000000f3d80000)
  from space 94720K, 1% used [0x00000000f3d80000,0x00000000f3f04030,0x00000000f9a00000)
  to   space 95232K, 0% used [0x00000000fa300000,0x00000000fa300000,0x0000000100000000)
 ParOldGen       total 642560K, used 90850K [0x00000000a0000000, 0x00000000c7380000, 0x00000000e0000000)
  object space 642560K, 14% used [0x00000000a0000000,0x00000000a58b8958,0x00000000c7380000)
 Metaspace       used 95116K, capacity 104076K, committed 108800K, reserved 1144832K
  class space    used 11471K, capacity 12326K, committed 13824K, reserved 1048576K
}
Event: 16741.132 GC heap before
{Heap before GC invocations=379 (full 48):
 PSYoungGen      total 419840K, used 1552K [0x00000000e0000000, 0x0000000100000000, 0x0000000100000000)
  eden space 325120K, 0% used [0x00000000e0000000,0x00000000e0000000,0x00000000f3d80000)
  from space 94720K, 1% used [0x00000000f3d80000,0x00000000f3f04030,0x00000000f9a00000)
  to   space 95232K, 0% used [0x00000000fa300000,0x00000000fa300000,0x0000000100000000)
 ParOldGen       total 642560K, used 90850K [0x00000000a0000000, 0x00000000c7380000, 0x00000000e0000000)
  object space 642560K, 14% used [0x00000000a0000000,0x00000000a58b8958,0x00000000c7380000)
 Metaspace       used 95116K, capacity 104076K, committed 108800K, reserved 1144832K
  class space    used 11471K, capacity 12326K, committed 13824K, reserved 1048576K
Event: 16741.486 GC heap after
Heap after GC invocations=379 (full 48):
 PSYoungGen      total 419840K, used 0K [0x00000000e0000000, 0x0000000100000000, 0x0000000100000000)
  eden space 325120K, 0% used [0x00000000e0000000,0x00000000e0000000,0x00000000f3d80000)
  from space 94720K, 0% used [0x00000000f3d80000,0x00000000f3d80000,0x00000000f9a00000)
  to   space 95232K, 0% used [0x00000000fa300000,0x00000000fa300000,0x0000000100000000)
 ParOldGen       total 642560K, used 91443K [0x00000000a0000000, 0x00000000c7380000, 0x00000000e0000000)
  object space 642560K, 14% used [0x00000000a0000000,0x00000000a594cca8,0x00000000c7380000)
 Metaspace       used 95116K, capacity 104076K, committed 108800K, reserved 1144832K
  class space    used 11471K, capacity 12326K, committed 13824K, reserved 1048576K
}

